{"tag": "function", "depth": 1, "time": 1709004363.6177084, "data": {"name": "start_app", "call_args": {"package": "com.tiqmo.wallet.ksa.uat", "activity": null}, "start_time": 1709004360.9761531, "ret": null, "end_time": 1709004363.6177084}}
{"tag": "function", "depth": 3, "time": 1709004363.909838, "data": {"name": "_cv_match", "call_args": {"self": {"filename": "tpl1708924537998.png", "_filepath": "D:\\coding_python_proj\\airtest-runner-single-master\\air\\ios\\test000_install_register.air\\tpl1708924537998.png", "threshold": 0.7, "target_pos": 5, "record_pos": [-0.001, 0.001], "resolution": [750, 1334], "rgb": false, "scale_max": 800, "scale_step": 0.005, "__class__": "Template"}, "screen": "array([[[104, 102, 104],\n        [104, 102, 104],\n        [104, 102, 104],\n        ...,\n        [105, 101, 103],\n        [105, 101, 103],\n        [105, 101, 103]],\n\n       [[104, 102, 104],\n        [104, 102, 104],\n        [104, 102, 104],\n        ...,\n        [105, 101, 103],\n        [105, 101, 103],\n        [105, 101, 103]],\n\n       [[104, 102, 104],\n        [104, 102, 104],\n        [104, 102, 104],\n        ...,\n        [105, 101, 103],\n        [105, 101, 103],\n        [105, 101, 103]],\n\n       ...,\n\n       [[104, 102, 104],\n        [104, 102, 104],\n        [104, 102, 104],\n        ...,\n        [104, 102, 104],\n        [104, 102, 104],\n        [104, 102, 104]],\n\n       [[104, 102, 104],\n        [104, 102, 104],\n        [104, 102, 104],\n        ...,\n        [104, 102, 104],\n        [104, 102, 104],\n        [104, 102, 104]],\n\n       [[104, 102, 104],\n        [104, 102, 104],\n        [104, 102, 104],\n        ...,\n        [104, 102, 104],\n        [104, 102, 104],\n        [104, 102, 104]]], dtype=uint8)"}, "start_time": 1709004363.7647424, "ret": {"result": [374, 668], "rectangle": [[95, 500.75], [95, 836.75], [654, 836.75], [654, 500.75]], "confidence": 0.7596139311790466, "time": 0.142103910446167}, "end_time": 1709004363.909838}}
{"tag": "function", "depth": 3, "time": 1709004363.9218442, "data": {"name": "try_log_screen", "call_args": {"screen": "array([[[104, 102, 104],\n        [104, 102, 104],\n        [104, 102, 104],\n        ...,\n        [105, 101, 103],\n        [105, 101, 103],\n        [105, 101, 103]],\n\n       [[104, 102, 104],\n        [104, 102, 104],\n        [104, 102, 104],\n        ...,\n        [105, 101, 103],\n        [105, 101, 103],\n        [105, 101, 103]],\n\n       [[104, 102, 104],\n        [104, 102, 104],\n        [104, 102, 104],\n        ...,\n        [105, 101, 103],\n        [105, 101, 103],\n        [105, 101, 103]],\n\n       ...,\n\n       [[104, 102, 104],\n        [104, 102, 104],\n        [104, 102, 104],\n        ...,\n        [104, 102, 104],\n        [104, 102, 104],\n        [104, 102, 104]],\n\n       [[104, 102, 104],\n        [104, 102, 104],\n        [104, 102, 104],\n        ...,\n        [104, 102, 104],\n        [104, 102, 104],\n        [104, 102, 104]],\n\n       [[104, 102, 104],\n        [104, 102, 104],\n        [104, 102, 104],\n        ...,\n        [104, 102, 104],\n        [104, 102, 104],\n        [104, 102, 104]]], dtype=uint8)", "quality": null, "max_size": null}, "start_time": 1709004363.9118533, "ret": {"screen": "1709004363911.jpg", "resolution": [750, 1334]}, "end_time": 1709004363.9218442}}
{"tag": "function", "depth": 2, "time": 1709004363.922856, "data": {"name": "loop_find", "call_args": {"query": {"filename": "tpl1708924537998.png", "_filepath": "D:\\coding_python_proj\\airtest-runner-single-master\\air\\ios\\test000_install_register.air\\tpl1708924537998.png", "threshold": 0.7, "target_pos": 5, "record_pos": [-0.001, 0.001], "resolution": [750, 1334], "rgb": false, "scale_max": 800, "scale_step": 0.005, "__class__": "Template"}, "timeout": 8, "interval": 0.5, "intervalfunc": null, "threshold": null}, "start_time": 1709004363.6177084, "ret": [374, 668], "end_time": 1709004363.922856}}
{"tag": "function", "depth": 1, "time": 1709004363.922856, "data": {"name": "wait", "call_args": {"v": {"filename": "tpl1708924537998.png", "_filepath": "D:\\coding_python_proj\\airtest-runner-single-master\\air\\ios\\test000_install_register.air\\tpl1708924537998.png", "threshold": 0.7, "target_pos": 5, "record_pos": [-0.001, 0.001], "resolution": [750, 1334], "rgb": false, "scale_max": 800, "scale_step": 0.005, "__class__": "Template"}, "timeout": null, "interval": 0.5, "intervalfunc": null}, "start_time": 1709004363.6177084, "ret": [374, 668], "end_time": 1709004363.922856}}
{"tag": "function", "depth": 3, "time": 1709004364.1183834, "data": {"name": "_cv_match", "call_args": {"self": {"filename": "tpl1708924542876.png", "_filepath": "D:\\coding_python_proj\\airtest-runner-single-master\\air\\ios\\test000_install_register.air\\tpl1708924542876.png", "threshold": 0.7, "target_pos": 5, "record_pos": [0.183, 0.152], "resolution": [750, 1334], "rgb": false, "scale_max": 800, "scale_step": 0.005, "__class__": "Template"}, "screen": "array([[[104, 102, 104],\n        [104, 102, 104],\n        [104, 102, 104],\n        ...,\n        [105, 101, 103],\n        [105, 101, 103],\n        [105, 101, 103]],\n\n       [[104, 102, 104],\n        [104, 102, 104],\n        [104, 102, 104],\n        ...,\n        [105, 101, 103],\n        [105, 101, 103],\n        [105, 101, 103]],\n\n       [[104, 102, 104],\n        [104, 102, 104],\n        [104, 102, 104],\n        ...,\n        [105, 101, 103],\n        [105, 101, 103],\n        [105, 101, 103]],\n\n       ...,\n\n       [[104, 102, 104],\n        [104, 102, 104],\n        [104, 102, 104],\n        ...,\n        [104, 102, 104],\n        [104, 102, 104],\n        [104, 102, 104]],\n\n       [[104, 102, 104],\n        [104, 102, 104],\n        [104, 102, 104],\n        ...,\n        [104, 102, 104],\n        [104, 102, 104],\n        [104, 102, 104]],\n\n       [[104, 102, 104],\n        [104, 102, 104],\n        [104, 102, 104],\n        ...,\n        [104, 102, 104],\n        [104, 102, 104],\n        [104, 102, 104]]], dtype=uint8)"}, "start_time": 1709004364.0318093, "ret": {"result": [512, 781], "rectangle": [[408.25, 746.0], [408.25, 817.0], [616.25, 817.0], [616.25, 746.0]], "confidence": 0.7431808710098267, "time": 0.08561944961547852}, "end_time": 1709004364.1183834}}
{"tag": "function", "depth": 3, "time": 1709004364.1293576, "data": {"name": "try_log_screen", "call_args": {"screen": "array([[[104, 102, 104],\n        [104, 102, 104],\n        [104, 102, 104],\n        ...,\n        [105, 101, 103],\n        [105, 101, 103],\n        [105, 101, 103]],\n\n       [[104, 102, 104],\n        [104, 102, 104],\n        [104, 102, 104],\n        ...,\n        [105, 101, 103],\n        [105, 101, 103],\n        [105, 101, 103]],\n\n       [[104, 102, 104],\n        [104, 102, 104],\n        [104, 102, 104],\n        ...,\n        [105, 101, 103],\n        [105, 101, 103],\n        [105, 101, 103]],\n\n       ...,\n\n       [[104, 102, 104],\n        [104, 102, 104],\n        [104, 102, 104],\n        ...,\n        [104, 102, 104],\n        [104, 102, 104],\n        [104, 102, 104]],\n\n       [[104, 102, 104],\n        [104, 102, 104],\n        [104, 102, 104],\n        ...,\n        [104, 102, 104],\n        [104, 102, 104],\n        [104, 102, 104]],\n\n       [[104, 102, 104],\n        [104, 102, 104],\n        [104, 102, 104],\n        ...,\n        [104, 102, 104],\n        [104, 102, 104],\n        [104, 102, 104]]], dtype=uint8)", "quality": null, "max_size": null}, "start_time": 1709004364.1193833, "ret": {"screen": "1709004364119.jpg", "resolution": [750, 1334]}, "end_time": 1709004364.1293576}}
{"tag": "function", "depth": 2, "time": 1709004364.1293576, "data": {"name": "loop_find", "call_args": {"query": {"filename": "tpl1708924542876.png", "_filepath": "D:\\coding_python_proj\\airtest-runner-single-master\\air\\ios\\test000_install_register.air\\tpl1708924542876.png", "threshold": 0.7, "target_pos": 5, "record_pos": [0.183, 0.152], "resolution": [750, 1334], "rgb": false, "scale_max": 800, "scale_step": 0.005, "__class__": "Template"}, "timeout": 8, "threshold": null, "interval": 0.5, "intervalfunc": null}, "start_time": 1709004363.922856, "ret": [512, 781], "end_time": 1709004364.1293576}}
{"tag": "function", "depth": 1, "time": 1709004365.0969622, "data": {"name": "touch", "call_args": {"v": {"filename": "tpl1708924542876.png", "_filepath": "D:\\coding_python_proj\\airtest-runner-single-master\\air\\ios\\test000_install_register.air\\tpl1708924542876.png", "threshold": 0.7, "target_pos": 5, "record_pos": [0.183, 0.152], "resolution": [750, 1334], "rgb": false, "scale_max": 800, "scale_step": 0.005, "__class__": "Template"}, "kwargs": {}, "times": 1}, "start_time": 1709004363.922856, "ret": [512, 781], "end_time": 1709004365.0969622}}
{"tag": "function", "depth": 3, "time": 1709004365.750747, "data": {"name": "_cv_match", "call_args": {"self": {"filename": "tpl1708924566234.png", "_filepath": "D:\\coding_python_proj\\airtest-runner-single-master\\air\\ios\\test000_install_register.air\\tpl1708924566234.png", "threshold": 0.7, "target_pos": 5, "record_pos": [0.0, -0.004], "resolution": [750, 1334], "rgb": false, "scale_max": 800, "scale_step": 0.005, "__class__": "Template"}, "screen": "array([[[77, 75, 77],\n        [77, 75, 77],\n        [77, 75, 77],\n        ...,\n        [77, 75, 77],\n        [77, 75, 77],\n        [77, 75, 77]],\n\n       [[77, 75, 77],\n        [77, 75, 77],\n        [77, 75, 77],\n        ...,\n        [77, 75, 77],\n        [77, 75, 77],\n        [77, 75, 77]],\n\n       [[77, 75, 77],\n        [77, 75, 77],\n        [77, 75, 77],\n        ...,\n        [77, 75, 77],\n        [77, 75, 77],\n        [77, 75, 77]],\n\n       ...,\n\n       [[77, 75, 77],\n        [77, 75, 77],\n        [77, 75, 77],\n        ...,\n        [77, 75, 77],\n        [77, 75, 77],\n        [77, 75, 77]],\n\n       [[77, 75, 77],\n        [77, 75, 77],\n        [77, 75, 77],\n        ...,\n        [77, 75, 77],\n        [77, 75, 77],\n        [77, 75, 77]],\n\n       [[77, 75, 77],\n        [77, 75, 77],\n        [77, 75, 77],\n        ...,\n        [77, 75, 77],\n        [77, 75, 77],\n        [77, 75, 77]]], dtype=uint8)"}, "start_time": 1709004365.2088842, "ret": {"result": [373, 653], "rectangle": [[29, 58], [29, 1249], [717, 1249], [717, 58]], "confidence": 0.7221923470497131, "time": 0.5328116416931152}, "end_time": 1709004365.750747}}
{"tag": "function", "depth": 3, "time": 1709004365.75976, "data": {"name": "try_log_screen", "call_args": {"screen": "array([[[77, 75, 77],\n        [77, 75, 77],\n        [77, 75, 77],\n        ...,\n        [77, 75, 77],\n        [77, 75, 77],\n        [77, 75, 77]],\n\n       [[77, 75, 77],\n        [77, 75, 77],\n        [77, 75, 77],\n        ...,\n        [77, 75, 77],\n        [77, 75, 77],\n        [77, 75, 77]],\n\n       [[77, 75, 77],\n        [77, 75, 77],\n        [77, 75, 77],\n        ...,\n        [77, 75, 77],\n        [77, 75, 77],\n        [77, 75, 77]],\n\n       ...,\n\n       [[77, 75, 77],\n        [77, 75, 77],\n        [77, 75, 77],\n        ...,\n        [77, 75, 77],\n        [77, 75, 77],\n        [77, 75, 77]],\n\n       [[77, 75, 77],\n        [77, 75, 77],\n        [77, 75, 77],\n        ...,\n        [77, 75, 77],\n        [77, 75, 77],\n        [77, 75, 77]],\n\n       [[77, 75, 77],\n        [77, 75, 77],\n        [77, 75, 77],\n        ...,\n        [77, 75, 77],\n        [77, 75, 77],\n        [77, 75, 77]]], dtype=uint8)", "quality": null, "max_size": null}, "start_time": 1709004365.7517767, "ret": {"screen": "1709004365751.jpg", "resolution": [750, 1334]}, "end_time": 1709004365.75976}}
{"tag": "function", "depth": 2, "time": 1709004365.7607882, "data": {"name": "loop_find", "call_args": {"query": {"filename": "tpl1708924566234.png", "_filepath": "D:\\coding_python_proj\\airtest-runner-single-master\\air\\ios\\test000_install_register.air\\tpl1708924566234.png", "threshold": 0.7, "target_pos": 5, "record_pos": [0.0, -0.004], "resolution": [750, 1334], "rgb": false, "scale_max": 800, "scale_step": 0.005, "__class__": "Template"}, "timeout": 8, "interval": 0.5, "intervalfunc": null, "threshold": null}, "start_time": 1709004365.0969622, "ret": [373, 653], "end_time": 1709004365.7607882}}
{"tag": "function", "depth": 1, "time": 1709004365.7607882, "data": {"name": "wait", "call_args": {"v": {"filename": "tpl1708924566234.png", "_filepath": "D:\\coding_python_proj\\airtest-runner-single-master\\air\\ios\\test000_install_register.air\\tpl1708924566234.png", "threshold": 0.7, "target_pos": 5, "record_pos": [0.0, -0.004], "resolution": [750, 1334], "rgb": false, "scale_max": 800, "scale_step": 0.005, "__class__": "Template"}, "timeout": null, "interval": 0.5, "intervalfunc": null}, "start_time": 1709004365.0969622, "ret": [373, 653], "end_time": 1709004365.7607882}}
{"tag": "function", "depth": 3, "time": 1709004366.9134521, "data": {"name": "_cv_match", "call_args": {"self": {"filename": "tpl1708924576500.png", "_filepath": "D:\\coding_python_proj\\airtest-runner-single-master\\air\\ios\\test000_install_register.air\\tpl1708924576500.png", "threshold": 0.99, "target_pos": 5, "record_pos": [-0.005, -0.017], "resolution": [750, 1334], "rgb": false, "scale_max": 800, "scale_step": 0.005, "__class__": "Template"}, "screen": "array([[[77, 75, 77],\n        [77, 75, 77],\n        [77, 75, 77],\n        ...,\n        [77, 75, 77],\n        [77, 75, 77],\n        [77, 75, 77]],\n\n       [[77, 75, 77],\n        [77, 75, 77],\n        [77, 75, 77],\n        ...,\n        [77, 75, 77],\n        [77, 75, 77],\n        [77, 75, 77]],\n\n       [[77, 75, 77],\n        [77, 75, 77],\n        [77, 75, 77],\n        ...,\n        [77, 75, 77],\n        [77, 75, 77],\n        [77, 75, 77]],\n\n       ...,\n\n       [[77, 75, 77],\n        [77, 75, 77],\n        [77, 75, 77],\n        ...,\n        [77, 75, 77],\n        [77, 75, 77],\n        [77, 75, 77]],\n\n       [[77, 75, 77],\n        [77, 75, 77],\n        [77, 75, 77],\n        ...,\n        [77, 75, 77],\n        [77, 75, 77],\n        [77, 75, 77]],\n\n       [[77, 75, 77],\n        [77, 75, 77],\n        [77, 75, 77],\n        ...,\n        [77, 75, 77],\n        [77, 75, 77],\n        [77, 75, 77]]], dtype=uint8)"}, "start_time": 1709004365.8989954, "ret": null, "end_time": 1709004366.9134521}}
{"tag": "function", "depth": 3, "time": 1709004368.6265864, "data": {"name": "_cv_match", "call_args": {"self": {"filename": "tpl1708924576500.png", "_filepath": "D:\\coding_python_proj\\airtest-runner-single-master\\air\\ios\\test000_install_register.air\\tpl1708924576500.png", "threshold": 0.99, "target_pos": 5, "record_pos": [-0.005, -0.017], "resolution": [750, 1334], "rgb": false, "scale_max": 800, "scale_step": 0.005, "__class__": "Template"}, "screen": "array([[[255, 255, 255],\n        [255, 255, 255],\n        [255, 255, 255],\n        ...,\n        [255, 255, 255],\n        [255, 255, 255],\n        [255, 255, 255]],\n\n       [[255, 255, 255],\n        [255, 255, 255],\n        [255, 255, 255],\n        ...,\n        [255, 255, 255],\n        [255, 255, 255],\n        [255, 255, 255]],\n\n       [[255, 255, 255],\n        [255, 255, 255],\n        [255, 255, 255],\n        ...,\n        [255, 255, 255],\n        [255, 255, 255],\n        [255, 255, 255]],\n\n       ...,\n\n       [[255, 255, 255],\n        [255, 255, 255],\n        [255, 255, 255],\n        ...,\n        [255, 255, 255],\n        [255, 255, 255],\n        [255, 255, 255]],\n\n       [[255, 255, 255],\n        [255, 255, 255],\n        [255, 255, 255],\n        ...,\n        [255, 255, 255],\n        [255, 255, 255],\n        [255, 255, 255]],\n\n       [[255, 255, 255],\n        [255, 255, 255],\n        [255, 255, 255],\n        ...,\n        [255, 255, 255],\n        [255, 255, 255],\n        [255, 255, 255]]], dtype=uint8)"}, "start_time": 1709004367.5692613, "ret": null, "end_time": 1709004368.6265864}}
{"tag": "function", "depth": 3, "time": 1709004370.306761, "data": {"name": "_cv_match", "call_args": {"self": {"filename": "tpl1708924576500.png", "_filepath": "D:\\coding_python_proj\\airtest-runner-single-master\\air\\ios\\test000_install_register.air\\tpl1708924576500.png", "threshold": 0.99, "target_pos": 5, "record_pos": [-0.005, -0.017], "resolution": [750, 1334], "rgb": false, "scale_max": 800, "scale_step": 0.005, "__class__": "Template"}, "screen": "array([[[255, 255, 255],\n        [255, 255, 255],\n        [255, 255, 255],\n        ...,\n        [255, 255, 255],\n        [255, 255, 255],\n        [255, 255, 255]],\n\n       [[255, 255, 255],\n        [255, 255, 255],\n        [255, 255, 255],\n        ...,\n        [255, 255, 255],\n        [255, 255, 255],\n        [255, 255, 255]],\n\n       [[255, 255, 255],\n        [255, 255, 255],\n        [255, 255, 255],\n        ...,\n        [255, 255, 255],\n        [255, 255, 255],\n        [255, 255, 255]],\n\n       ...,\n\n       [[255, 255, 255],\n        [255, 255, 255],\n        [255, 255, 255],\n        ...,\n        [255, 255, 255],\n        [255, 255, 255],\n        [255, 255, 255]],\n\n       [[255, 255, 255],\n        [255, 255, 255],\n        [255, 255, 255],\n        ...,\n        [255, 255, 255],\n        [255, 255, 255],\n        [255, 255, 255]],\n\n       [[255, 255, 255],\n        [255, 255, 255],\n        [255, 255, 255],\n        ...,\n        [255, 255, 255],\n        [255, 255, 255],\n        [255, 255, 255]]], dtype=uint8)"}, "start_time": 1709004369.2752337, "ret": null, "end_time": 1709004370.306761}}
{"tag": "function", "depth": 3, "time": 1709004372.0676308, "data": {"name": "_cv_match", "call_args": {"self": {"filename": "tpl1708924576500.png", "_filepath": "D:\\coding_python_proj\\airtest-runner-single-master\\air\\ios\\test000_install_register.air\\tpl1708924576500.png", "threshold": 0.99, "target_pos": 5, "record_pos": [-0.005, -0.017], "resolution": [750, 1334], "rgb": false, "scale_max": 800, "scale_step": 0.005, "__class__": "Template"}, "screen": "array([[[255, 255, 255],\n        [255, 255, 255],\n        [255, 255, 255],\n        ...,\n        [255, 255, 255],\n        [255, 255, 255],\n        [255, 255, 255]],\n\n       [[255, 255, 255],\n        [255, 255, 255],\n        [255, 255, 255],\n        ...,\n        [255, 255, 255],\n        [255, 255, 255],\n        [255, 255, 255]],\n\n       [[255, 255, 255],\n        [255, 255, 255],\n        [255, 255, 255],\n        ...,\n        [255, 255, 255],\n        [255, 255, 255],\n        [255, 255, 255]],\n\n       ...,\n\n       [[255, 255, 255],\n        [255, 255, 255],\n        [255, 255, 255],\n        ...,\n        [255, 255, 255],\n        [255, 255, 255],\n        [255, 255, 255]],\n\n       [[255, 255, 255],\n        [255, 255, 255],\n        [255, 255, 255],\n        ...,\n        [255, 255, 255],\n        [255, 255, 255],\n        [255, 255, 255]],\n\n       [[255, 255, 255],\n        [255, 255, 255],\n        [255, 255, 255],\n        ...,\n        [255, 255, 255],\n        [255, 255, 255],\n        [255, 255, 255]]], dtype=uint8)"}, "start_time": 1709004370.9794219, "ret": null, "end_time": 1709004372.0676308}}
{"tag": "function", "depth": 3, "time": 1709004373.7863665, "data": {"name": "_cv_match", "call_args": {"self": {"filename": "tpl1708924576500.png", "_filepath": "D:\\coding_python_proj\\airtest-runner-single-master\\air\\ios\\test000_install_register.air\\tpl1708924576500.png", "threshold": 0.99, "target_pos": 5, "record_pos": [-0.005, -0.017], "resolution": [750, 1334], "rgb": false, "scale_max": 800, "scale_step": 0.005, "__class__": "Template"}, "screen": "array([[[255, 255, 255],\n        [255, 255, 255],\n        [255, 255, 255],\n        ...,\n        [255, 255, 255],\n        [255, 255, 255],\n        [255, 255, 255]],\n\n       [[255, 255, 255],\n        [255, 255, 255],\n        [255, 255, 255],\n        ...,\n        [255, 255, 255],\n        [255, 255, 255],\n        [255, 255, 255]],\n\n       [[255, 255, 255],\n        [255, 255, 255],\n        [255, 255, 255],\n        ...,\n        [255, 255, 255],\n        [255, 255, 255],\n        [255, 255, 255]],\n\n       ...,\n\n       [[255, 255, 255],\n        [255, 255, 255],\n        [255, 255, 255],\n        ...,\n        [255, 255, 255],\n        [255, 255, 255],\n        [255, 255, 255]],\n\n       [[255, 255, 255],\n        [255, 255, 255],\n        [255, 255, 255],\n        ...,\n        [255, 255, 255],\n        [255, 255, 255],\n        [255, 255, 255]],\n\n       [[255, 255, 255],\n        [255, 255, 255],\n        [255, 255, 255],\n        ...,\n        [255, 255, 255],\n        [255, 255, 255],\n        [255, 255, 255]]], dtype=uint8)"}, "start_time": 1709004372.7247393, "ret": null, "end_time": 1709004373.7863665}}
{"tag": "function", "depth": 3, "time": 1709004373.796339, "data": {"name": "try_log_screen", "call_args": {"screen": "array([[[255, 255, 255],\n        [255, 255, 255],\n        [255, 255, 255],\n        ...,\n        [255, 255, 255],\n        [255, 255, 255],\n        [255, 255, 255]],\n\n       [[255, 255, 255],\n        [255, 255, 255],\n        [255, 255, 255],\n        ...,\n        [255, 255, 255],\n        [255, 255, 255],\n        [255, 255, 255]],\n\n       [[255, 255, 255],\n        [255, 255, 255],\n        [255, 255, 255],\n        ...,\n        [255, 255, 255],\n        [255, 255, 255],\n        [255, 255, 255]],\n\n       ...,\n\n       [[255, 255, 255],\n        [255, 255, 255],\n        [255, 255, 255],\n        ...,\n        [255, 255, 255],\n        [255, 255, 255],\n        [255, 255, 255]],\n\n       [[255, 255, 255],\n        [255, 255, 255],\n        [255, 255, 255],\n        ...,\n        [255, 255, 255],\n        [255, 255, 255],\n        [255, 255, 255]],\n\n       [[255, 255, 255],\n        [255, 255, 255],\n        [255, 255, 255],\n        ...,\n        [255, 255, 255],\n        [255, 255, 255],\n        [255, 255, 255]]], dtype=uint8)", "quality": null, "max_size": null}, "start_time": 1709004373.7863665, "ret": {"screen": "1709004373787.jpg", "resolution": [750, 1334]}, "end_time": 1709004373.796339}}
{"tag": "function", "depth": 2, "time": 1709004373.797372, "data": {"name": "loop_find", "call_args": {"query": {"filename": "tpl1708924576500.png", "_filepath": "D:\\coding_python_proj\\airtest-runner-single-master\\air\\ios\\test000_install_register.air\\tpl1708924576500.png", "threshold": 0.99, "target_pos": 5, "record_pos": [-0.005, -0.017], "resolution": [750, 1334], "rgb": false, "scale_max": 800, "scale_step": 0.005, "__class__": "Template"}, "timeout": 8, "threshold": 0.99, "interval": 0.5, "intervalfunc": null}, "start_time": 1709004365.7607882, "traceback": "Traceback (most recent call last):\n  File \"D:\\coding_python_proj\\airtest-runner-single-master\\.venv\\lib\\site-packages\\airtest\\utils\\logwraper.py\", line 90, in wrapper\n    res = f(*args, **kwargs)\n  File \"D:\\coding_python_proj\\airtest-runner-single-master\\.venv\\lib\\site-packages\\airtest\\core\\cv.py\", line 80, in loop_find\n    raise TargetNotFoundError('Picture %s not found in screen' % query)\nairtest.core.error.TargetNotFoundError: 'Picture Template(D:\\\\coding_python_proj\\\\airtest-runner-single-master\\\\air\\\\ios\\\\test000_install_register.air\\\\tpl1708924576500.png) not found in screen'\n", "end_time": 1709004373.797372}}
{"tag": "function", "depth": 1, "time": 1709004373.797372, "data": {"name": "assert_exists", "call_args": {"v": {"filename": "tpl1708924576500.png", "_filepath": "D:\\coding_python_proj\\airtest-runner-single-master\\air\\ios\\test000_install_register.air\\tpl1708924576500.png", "threshold": 0.99, "target_pos": 5, "record_pos": [-0.005, -0.017], "resolution": [750, 1334], "rgb": false, "scale_max": 800, "scale_step": 0.005, "__class__": "Template"}, "msg": "\u8bed\u8a00\u9009\u62e9\u9875\u9762\u6821\u9a8c"}, "start_time": 1709004365.7607882, "traceback": "Traceback (most recent call last):\n  File \"D:\\coding_python_proj\\airtest-runner-single-master\\.venv\\lib\\site-packages\\airtest\\core\\api.py\", line 666, in assert_exists\n    pos = loop_find(v, timeout=ST.FIND_TIMEOUT, threshold=ST.THRESHOLD_STRICT or v.threshold)\n  File \"D:\\coding_python_proj\\airtest-runner-single-master\\.venv\\lib\\site-packages\\airtest\\utils\\logwraper.py\", line 90, in wrapper\n    res = f(*args, **kwargs)\n  File \"D:\\coding_python_proj\\airtest-runner-single-master\\.venv\\lib\\site-packages\\airtest\\core\\cv.py\", line 80, in loop_find\n    raise TargetNotFoundError('Picture %s not found in screen' % query)\nairtest.core.error.TargetNotFoundError: 'Picture Template(D:\\\\coding_python_proj\\\\airtest-runner-single-master\\\\air\\\\ios\\\\test000_install_register.air\\\\tpl1708924576500.png) not found in screen'\n\nDuring handling of the above exception, another exception occurred:\n\nTraceback (most recent call last):\n  File \"D:\\coding_python_proj\\airtest-runner-single-master\\.venv\\lib\\site-packages\\airtest\\utils\\logwraper.py\", line 90, in wrapper\n    res = f(*args, **kwargs)\n  File \"D:\\coding_python_proj\\airtest-runner-single-master\\.venv\\lib\\site-packages\\airtest\\core\\api.py\", line 669, in assert_exists\n    raise AssertionError(\"%s does not exist in screen, message: %s\" % (v, msg))\nAssertionError: Template(D:\\coding_python_proj\\airtest-runner-single-master\\air\\ios\\test000_install_register.air\\tpl1708924576500.png) does not exist in screen, message: \u8bed\u8a00\u9009\u62e9\u9875\u9762\u6821\u9a8c\n", "end_time": 1709004373.797372}}
{"tag": "function", "depth": 2, "time": 1709004373.9347844, "data": {"name": "try_log_screen", "call_args": {"screen": null, "quality": null, "max_size": null}, "start_time": 1709004373.797372, "ret": {"screen": "1709004373926.jpg", "resolution": [750, 1334]}, "end_time": 1709004373.9347844}}
{"tag": "info", "depth": 1, "time": 1709004373.935782, "data": {"name": "Final Error", "traceback": "Traceback (most recent call last):\n  File \"D:\\coding_python_proj\\airtest-runner-single-master\\.venv\\lib\\site-packages\\airtest\\core\\api.py\", line 666, in assert_exists\n    pos = loop_find(v, timeout=ST.FIND_TIMEOUT, threshold=ST.THRESHOLD_STRICT or v.threshold)\n  File \"D:\\coding_python_proj\\airtest-runner-single-master\\.venv\\lib\\site-packages\\airtest\\utils\\logwraper.py\", line 90, in wrapper\n    res = f(*args, **kwargs)\n  File \"D:\\coding_python_proj\\airtest-runner-single-master\\.venv\\lib\\site-packages\\airtest\\core\\cv.py\", line 80, in loop_find\n    raise TargetNotFoundError('Picture %s not found in screen' % query)\nairtest.core.error.TargetNotFoundError: 'Picture Template(D:\\\\coding_python_proj\\\\airtest-runner-single-master\\\\air\\\\ios\\\\test000_install_register.air\\\\tpl1708924576500.png) not found in screen'\n\nDuring handling of the above exception, another exception occurred:\n\nTraceback (most recent call last):\n  File \"D:\\coding_python_proj\\airtest-runner-single-master\\.venv\\lib\\site-packages\\airtest\\cli\\runner.py\", line 70, in runTest\n    exec(compile(code.encode(\"utf-8\"), pyfilepath, 'exec'), self.scope)\n  File \"D:\\coding_python_proj\\airtest-runner-single-master\\air\\ios\\test001_install_register.air\\test001_install_register.py\", line 19, in <module>\n    assert_exists(Template(r\"tpl1708924576500.png\", record_pos=(-0.005, -0.017), resolution=(750, 1334)), \"\u8bed\u8a00\u9009\u62e9\u9875\u9762\u6821\u9a8c\")\n  File \"D:\\coding_python_proj\\airtest-runner-single-master\\.venv\\lib\\site-packages\\airtest\\utils\\logwraper.py\", line 90, in wrapper\n    res = f(*args, **kwargs)\n  File \"D:\\coding_python_proj\\airtest-runner-single-master\\.venv\\lib\\site-packages\\airtest\\core\\api.py\", line 669, in assert_exists\n    raise AssertionError(\"%s does not exist in screen, message: %s\" % (v, msg))\nAssertionError: Template(D:\\coding_python_proj\\airtest-runner-single-master\\air\\ios\\test000_install_register.air\\tpl1708924576500.png) does not exist in screen, message: \u8bed\u8a00\u9009\u62e9\u9875\u9762\u6821\u9a8c\n"}}
