{"tag": "function", "depth": 1, "time": 1709023894.8518224, "data": {"name": "start_app", "call_args": {"package": "com.tiqmo.wallet.ksa.uat", "activity": null}, "start_time": 1709023891.7921925, "ret": null, "end_time": 1709023894.8518224}}
{"tag": "function", "depth": 3, "time": 1709023895.4569514, "data": {"name": "_cv_match", "call_args": {"self": {"filename": "tpl1708924537998.png", "_filepath": "D:\\coding_python_proj\\airtest-runner-single-master\\air\\ios\\test000_install_register.air\\tpl1708924537998.png", "threshold": 0.7, "target_pos": 5, "record_pos": [-0.001, 0.001], "resolution": [750, 1334], "rgb": false, "scale_max": 800, "scale_step": 0.005, "__class__": "Template"}, "screen": "array([[[104, 102, 104],\n        [104, 102, 104],\n        [104, 102, 104],\n        ...,\n        [105, 101, 103],\n        [105, 101, 103],\n        [105, 101, 103]],\n\n       [[104, 102, 104],\n        [104, 102, 104],\n        [104, 102, 104],\n        ...,\n        [105, 101, 103],\n        [105, 101, 103],\n        [105, 101, 103]],\n\n       [[104, 102, 104],\n        [104, 102, 104],\n        [104, 102, 104],\n        ...,\n        [105, 101, 103],\n        [105, 101, 103],\n        [105, 101, 103]],\n\n       ...,\n\n       [[104, 102, 104],\n        [104, 102, 104],\n        [104, 102, 104],\n        ...,\n        [104, 102, 104],\n        [104, 102, 104],\n        [104, 102, 104]],\n\n       [[104, 102, 104],\n        [104, 102, 104],\n        [104, 102, 104],\n        ...,\n        [104, 102, 104],\n        [104, 102, 104],\n        [104, 102, 104]],\n\n       [[104, 102, 104],\n        [104, 102, 104],\n        [104, 102, 104],\n        ...,\n        [104, 102, 104],\n        [104, 102, 104],\n        [104, 102, 104]]], dtype=uint8)"}, "start_time": 1709023895.116934, "ret": {"result": [374, 668], "rectangle": [[95, 500.75], [95, 836.75], [654, 836.75], [654, 500.75]], "confidence": 0.8170710802078247, "time": 0.3360280990600586}, "end_time": 1709023895.4569514}}
{"tag": "function", "depth": 3, "time": 1709023895.47989, "data": {"name": "try_log_screen", "call_args": {"screen": "array([[[104, 102, 104],\n        [104, 102, 104],\n        [104, 102, 104],\n        ...,\n        [105, 101, 103],\n        [105, 101, 103],\n        [105, 101, 103]],\n\n       [[104, 102, 104],\n        [104, 102, 104],\n        [104, 102, 104],\n        ...,\n        [105, 101, 103],\n        [105, 101, 103],\n        [105, 101, 103]],\n\n       [[104, 102, 104],\n        [104, 102, 104],\n        [104, 102, 104],\n        ...,\n        [105, 101, 103],\n        [105, 101, 103],\n        [105, 101, 103]],\n\n       ...,\n\n       [[104, 102, 104],\n        [104, 102, 104],\n        [104, 102, 104],\n        ...,\n        [104, 102, 104],\n        [104, 102, 104],\n        [104, 102, 104]],\n\n       [[104, 102, 104],\n        [104, 102, 104],\n        [104, 102, 104],\n        ...,\n        [104, 102, 104],\n        [104, 102, 104],\n        [104, 102, 104]],\n\n       [[104, 102, 104],\n        [104, 102, 104],\n        [104, 102, 104],\n        ...,\n        [104, 102, 104],\n        [104, 102, 104],\n        [104, 102, 104]]], dtype=uint8)", "quality": null, "max_size": null}, "start_time": 1709023895.4589467, "ret": {"screen": "1709023895458.jpg", "resolution": [750, 1334]}, "end_time": 1709023895.47989}}
{"tag": "function", "depth": 2, "time": 1709023895.4808881, "data": {"name": "loop_find", "call_args": {"query": {"filename": "tpl1708924537998.png", "_filepath": "D:\\coding_python_proj\\airtest-runner-single-master\\air\\ios\\test000_install_register.air\\tpl1708924537998.png", "threshold": 0.7, "target_pos": 5, "record_pos": [-0.001, 0.001], "resolution": [750, 1334], "rgb": false, "scale_max": 800, "scale_step": 0.005, "__class__": "Template"}, "timeout": 8, "interval": 0.5, "intervalfunc": null, "threshold": null}, "start_time": 1709023894.8528202, "ret": [374, 668], "end_time": 1709023895.4808881}}
{"tag": "function", "depth": 1, "time": 1709023895.4808881, "data": {"name": "wait", "call_args": {"v": {"filename": "tpl1708924537998.png", "_filepath": "D:\\coding_python_proj\\airtest-runner-single-master\\air\\ios\\test000_install_register.air\\tpl1708924537998.png", "threshold": 0.7, "target_pos": 5, "record_pos": [-0.001, 0.001], "resolution": [750, 1334], "rgb": false, "scale_max": 800, "scale_step": 0.005, "__class__": "Template"}, "timeout": null, "interval": 0.5, "intervalfunc": null}, "start_time": 1709023894.8518224, "ret": [374, 668], "end_time": 1709023895.4808881}}
{"tag": "function", "depth": 3, "time": 1709023895.6925113, "data": {"name": "_cv_match", "call_args": {"self": {"filename": "tpl1708924542876.png", "_filepath": "D:\\coding_python_proj\\airtest-runner-single-master\\air\\ios\\test000_install_register.air\\tpl1708924542876.png", "threshold": 0.7, "target_pos": 5, "record_pos": [0.183, 0.152], "resolution": [750, 1334], "rgb": false, "scale_max": 800, "scale_step": 0.005, "__class__": "Template"}, "screen": "array([[[104, 102, 104],\n        [104, 102, 104],\n        [104, 102, 104],\n        ...,\n        [105, 101, 103],\n        [105, 101, 103],\n        [105, 101, 103]],\n\n       [[104, 102, 104],\n        [104, 102, 104],\n        [104, 102, 104],\n        ...,\n        [105, 101, 103],\n        [105, 101, 103],\n        [105, 101, 103]],\n\n       [[104, 102, 104],\n        [104, 102, 104],\n        [104, 102, 104],\n        ...,\n        [105, 101, 103],\n        [105, 101, 103],\n        [105, 101, 103]],\n\n       ...,\n\n       [[104, 102, 104],\n        [104, 102, 104],\n        [104, 102, 104],\n        ...,\n        [104, 102, 104],\n        [104, 102, 104],\n        [104, 102, 104]],\n\n       [[104, 102, 104],\n        [104, 102, 104],\n        [104, 102, 104],\n        ...,\n        [104, 102, 104],\n        [104, 102, 104],\n        [104, 102, 104]],\n\n       [[104, 102, 104],\n        [104, 102, 104],\n        [104, 102, 104],\n        ...,\n        [104, 102, 104],\n        [104, 102, 104],\n        [104, 102, 104]]], dtype=uint8)"}, "start_time": 1709023895.601754, "ret": {"result": [512, 781], "rectangle": [[408.25, 746.0], [408.25, 817.0], [616.25, 817.0], [616.25, 746.0]], "confidence": 0.7431808710098267, "time": 0.08876156806945801}, "end_time": 1709023895.6925113}}
{"tag": "function", "depth": 3, "time": 1709023895.7034812, "data": {"name": "try_log_screen", "call_args": {"screen": "array([[[104, 102, 104],\n        [104, 102, 104],\n        [104, 102, 104],\n        ...,\n        [105, 101, 103],\n        [105, 101, 103],\n        [105, 101, 103]],\n\n       [[104, 102, 104],\n        [104, 102, 104],\n        [104, 102, 104],\n        ...,\n        [105, 101, 103],\n        [105, 101, 103],\n        [105, 101, 103]],\n\n       [[104, 102, 104],\n        [104, 102, 104],\n        [104, 102, 104],\n        ...,\n        [105, 101, 103],\n        [105, 101, 103],\n        [105, 101, 103]],\n\n       ...,\n\n       [[104, 102, 104],\n        [104, 102, 104],\n        [104, 102, 104],\n        ...,\n        [104, 102, 104],\n        [104, 102, 104],\n        [104, 102, 104]],\n\n       [[104, 102, 104],\n        [104, 102, 104],\n        [104, 102, 104],\n        ...,\n        [104, 102, 104],\n        [104, 102, 104],\n        [104, 102, 104]],\n\n       [[104, 102, 104],\n        [104, 102, 104],\n        [104, 102, 104],\n        ...,\n        [104, 102, 104],\n        [104, 102, 104],\n        [104, 102, 104]]], dtype=uint8)", "quality": null, "max_size": null}, "start_time": 1709023895.6925113, "ret": {"screen": "1709023895692.jpg", "resolution": [750, 1334]}, "end_time": 1709023895.7034812}}
{"tag": "function", "depth": 2, "time": 1709023895.7034812, "data": {"name": "loop_find", "call_args": {"query": {"filename": "tpl1708924542876.png", "_filepath": "D:\\coding_python_proj\\airtest-runner-single-master\\air\\ios\\test000_install_register.air\\tpl1708924542876.png", "threshold": 0.7, "target_pos": 5, "record_pos": [0.183, 0.152], "resolution": [750, 1334], "rgb": false, "scale_max": 800, "scale_step": 0.005, "__class__": "Template"}, "timeout": 8, "threshold": null, "interval": 0.5, "intervalfunc": null}, "start_time": 1709023895.4808881, "ret": [512, 781], "end_time": 1709023895.7034812}}
{"tag": "function", "depth": 1, "time": 1709023896.7098067, "data": {"name": "touch", "call_args": {"v": {"filename": "tpl1708924542876.png", "_filepath": "D:\\coding_python_proj\\airtest-runner-single-master\\air\\ios\\test000_install_register.air\\tpl1708924542876.png", "threshold": 0.7, "target_pos": 5, "record_pos": [0.183, 0.152], "resolution": [750, 1334], "rgb": false, "scale_max": 800, "scale_step": 0.005, "__class__": "Template"}, "kwargs": {}, "times": 1}, "start_time": 1709023895.4808881, "ret": [512, 781], "end_time": 1709023896.7098067}}
{"tag": "function", "depth": 3, "time": 1709023897.3884346, "data": {"name": "_cv_match", "call_args": {"self": {"filename": "tpl1708924566234.png", "_filepath": "D:\\coding_python_proj\\airtest-runner-single-master\\air\\ios\\test000_install_register.air\\tpl1708924566234.png", "threshold": 0.7, "target_pos": 5, "record_pos": [0.0, -0.004], "resolution": [750, 1334], "rgb": false, "scale_max": 800, "scale_step": 0.005, "__class__": "Template"}, "screen": "array([[[77, 75, 77],\n        [77, 75, 77],\n        [77, 75, 77],\n        ...,\n        [77, 75, 77],\n        [77, 75, 77],\n        [77, 75, 77]],\n\n       [[77, 75, 77],\n        [77, 75, 77],\n        [77, 75, 77],\n        ...,\n        [77, 75, 77],\n        [77, 75, 77],\n        [77, 75, 77]],\n\n       [[77, 75, 77],\n        [77, 75, 77],\n        [77, 75, 77],\n        ...,\n        [77, 75, 77],\n        [77, 75, 77],\n        [77, 75, 77]],\n\n       ...,\n\n       [[77, 75, 77],\n        [77, 75, 77],\n        [77, 75, 77],\n        ...,\n        [77, 75, 77],\n        [77, 75, 77],\n        [77, 75, 77]],\n\n       [[77, 75, 77],\n        [77, 75, 77],\n        [77, 75, 77],\n        ...,\n        [77, 75, 77],\n        [77, 75, 77],\n        [77, 75, 77]],\n\n       [[77, 75, 77],\n        [77, 75, 77],\n        [77, 75, 77],\n        ...,\n        [77, 75, 77],\n        [77, 75, 77],\n        [77, 75, 77]]], dtype=uint8)"}, "start_time": 1709023896.8016648, "ret": {"result": [373, 653], "rectangle": [[29, 58], [29, 1249], [717, 1249], [717, 58]], "confidence": 0.7221923470497131, "time": 0.5778257846832275}, "end_time": 1709023897.3884346}}
{"tag": "function", "depth": 3, "time": 1709023897.3974106, "data": {"name": "try_log_screen", "call_args": {"screen": "array([[[77, 75, 77],\n        [77, 75, 77],\n        [77, 75, 77],\n        ...,\n        [77, 75, 77],\n        [77, 75, 77],\n        [77, 75, 77]],\n\n       [[77, 75, 77],\n        [77, 75, 77],\n        [77, 75, 77],\n        ...,\n        [77, 75, 77],\n        [77, 75, 77],\n        [77, 75, 77]],\n\n       [[77, 75, 77],\n        [77, 75, 77],\n        [77, 75, 77],\n        ...,\n        [77, 75, 77],\n        [77, 75, 77],\n        [77, 75, 77]],\n\n       ...,\n\n       [[77, 75, 77],\n        [77, 75, 77],\n        [77, 75, 77],\n        ...,\n        [77, 75, 77],\n        [77, 75, 77],\n        [77, 75, 77]],\n\n       [[77, 75, 77],\n        [77, 75, 77],\n        [77, 75, 77],\n        ...,\n        [77, 75, 77],\n        [77, 75, 77],\n        [77, 75, 77]],\n\n       [[77, 75, 77],\n        [77, 75, 77],\n        [77, 75, 77],\n        ...,\n        [77, 75, 77],\n        [77, 75, 77],\n        [77, 75, 77]]], dtype=uint8)", "quality": null, "max_size": null}, "start_time": 1709023897.389432, "ret": {"screen": "1709023897389.jpg", "resolution": [750, 1334]}, "end_time": 1709023897.3974106}}
{"tag": "function", "depth": 2, "time": 1709023897.3984082, "data": {"name": "loop_find", "call_args": {"query": {"filename": "tpl1708924566234.png", "_filepath": "D:\\coding_python_proj\\airtest-runner-single-master\\air\\ios\\test000_install_register.air\\tpl1708924566234.png", "threshold": 0.7, "target_pos": 5, "record_pos": [0.0, -0.004], "resolution": [750, 1334], "rgb": false, "scale_max": 800, "scale_step": 0.005, "__class__": "Template"}, "timeout": 8, "interval": 0.5, "intervalfunc": null, "threshold": null}, "start_time": 1709023896.7098067, "ret": [373, 653], "end_time": 1709023897.3984082}}
{"tag": "function", "depth": 1, "time": 1709023897.3984082, "data": {"name": "wait", "call_args": {"v": {"filename": "tpl1708924566234.png", "_filepath": "D:\\coding_python_proj\\airtest-runner-single-master\\air\\ios\\test000_install_register.air\\tpl1708924566234.png", "threshold": 0.7, "target_pos": 5, "record_pos": [0.0, -0.004], "resolution": [750, 1334], "rgb": false, "scale_max": 800, "scale_step": 0.005, "__class__": "Template"}, "timeout": null, "interval": 0.5, "intervalfunc": null}, "start_time": 1709023896.7098067, "ret": [373, 653], "end_time": 1709023897.3984082}}
{"tag": "function", "depth": 3, "time": 1709023898.6062715, "data": {"name": "_cv_match", "call_args": {"self": {"filename": "tpl1708924576500.png", "_filepath": "D:\\coding_python_proj\\airtest-runner-single-master\\air\\ios\\test000_install_register.air\\tpl1708924576500.png", "threshold": 0.99, "target_pos": 5, "record_pos": [-0.005, -0.017], "resolution": [750, 1334], "rgb": false, "scale_max": 800, "scale_step": 0.005, "__class__": "Template"}, "screen": "array([[[77, 75, 77],\n        [77, 75, 77],\n        [77, 75, 77],\n        ...,\n        [77, 75, 77],\n        [77, 75, 77],\n        [77, 75, 77]],\n\n       [[77, 75, 77],\n        [77, 75, 77],\n        [77, 75, 77],\n        ...,\n        [77, 75, 77],\n        [77, 75, 77],\n        [77, 75, 77]],\n\n       [[77, 75, 77],\n        [77, 75, 77],\n        [77, 75, 77],\n        ...,\n        [77, 75, 77],\n        [77, 75, 77],\n        [77, 75, 77]],\n\n       ...,\n\n       [[77, 75, 77],\n        [77, 75, 77],\n        [77, 75, 77],\n        ...,\n        [77, 75, 77],\n        [77, 75, 77],\n        [77, 75, 77]],\n\n       [[77, 75, 77],\n        [77, 75, 77],\n        [77, 75, 77],\n        ...,\n        [77, 75, 77],\n        [77, 75, 77],\n        [77, 75, 77]],\n\n       [[77, 75, 77],\n        [77, 75, 77],\n        [77, 75, 77],\n        ...,\n        [77, 75, 77],\n        [77, 75, 77],\n        [77, 75, 77]]], dtype=uint8)"}, "start_time": 1709023897.5128565, "ret": null, "end_time": 1709023898.6062715}}
{"tag": "function", "depth": 3, "time": 1709023900.2684076, "data": {"name": "_cv_match", "call_args": {"self": {"filename": "tpl1708924576500.png", "_filepath": "D:\\coding_python_proj\\airtest-runner-single-master\\air\\ios\\test000_install_register.air\\tpl1708924576500.png", "threshold": 0.99, "target_pos": 5, "record_pos": [-0.005, -0.017], "resolution": [750, 1334], "rgb": false, "scale_max": 800, "scale_step": 0.005, "__class__": "Template"}, "screen": "array([[[77, 75, 77],\n        [77, 75, 77],\n        [77, 75, 77],\n        ...,\n        [77, 75, 77],\n        [77, 75, 77],\n        [77, 75, 77]],\n\n       [[77, 75, 77],\n        [77, 75, 77],\n        [77, 75, 77],\n        ...,\n        [77, 75, 77],\n        [77, 75, 77],\n        [77, 75, 77]],\n\n       [[77, 75, 77],\n        [77, 75, 77],\n        [77, 75, 77],\n        ...,\n        [77, 75, 77],\n        [77, 75, 77],\n        [77, 75, 77]],\n\n       ...,\n\n       [[77, 75, 77],\n        [77, 75, 77],\n        [77, 75, 77],\n        ...,\n        [77, 75, 77],\n        [77, 75, 77],\n        [77, 75, 77]],\n\n       [[77, 75, 77],\n        [77, 75, 77],\n        [77, 75, 77],\n        ...,\n        [77, 75, 77],\n        [77, 75, 77],\n        [77, 75, 77]],\n\n       [[77, 75, 77],\n        [77, 75, 77],\n        [77, 75, 77],\n        ...,\n        [77, 75, 77],\n        [77, 75, 77],\n        [77, 75, 77]]], dtype=uint8)"}, "start_time": 1709023899.287131, "ret": null, "end_time": 1709023900.2684076}}
{"tag": "function", "depth": 3, "time": 1709023901.8351626, "data": {"name": "_cv_match", "call_args": {"self": {"filename": "tpl1708924576500.png", "_filepath": "D:\\coding_python_proj\\airtest-runner-single-master\\air\\ios\\test000_install_register.air\\tpl1708924576500.png", "threshold": 0.99, "target_pos": 5, "record_pos": [-0.005, -0.017], "resolution": [750, 1334], "rgb": false, "scale_max": 800, "scale_step": 0.005, "__class__": "Template"}, "screen": "array([[[77, 75, 77],\n        [77, 75, 77],\n        [77, 75, 77],\n        ...,\n        [77, 75, 77],\n        [77, 75, 77],\n        [77, 75, 77]],\n\n       [[77, 75, 77],\n        [77, 75, 77],\n        [77, 75, 77],\n        ...,\n        [77, 75, 77],\n        [77, 75, 77],\n        [77, 75, 77]],\n\n       [[77, 75, 77],\n        [77, 75, 77],\n        [77, 75, 77],\n        ...,\n        [77, 75, 77],\n        [77, 75, 77],\n        [77, 75, 77]],\n\n       ...,\n\n       [[77, 75, 77],\n        [77, 75, 77],\n        [77, 75, 77],\n        ...,\n        [77, 75, 77],\n        [77, 75, 77],\n        [77, 75, 77]],\n\n       [[77, 75, 77],\n        [77, 75, 77],\n        [77, 75, 77],\n        ...,\n        [77, 75, 77],\n        [77, 75, 77],\n        [77, 75, 77]],\n\n       [[77, 75, 77],\n        [77, 75, 77],\n        [77, 75, 77],\n        ...,\n        [77, 75, 77],\n        [77, 75, 77],\n        [77, 75, 77]]], dtype=uint8)"}, "start_time": 1709023900.8673284, "ret": null, "end_time": 1709023901.8351626}}
{"tag": "function", "depth": 3, "time": 1709023903.4131885, "data": {"name": "_cv_match", "call_args": {"self": {"filename": "tpl1708924576500.png", "_filepath": "D:\\coding_python_proj\\airtest-runner-single-master\\air\\ios\\test000_install_register.air\\tpl1708924576500.png", "threshold": 0.99, "target_pos": 5, "record_pos": [-0.005, -0.017], "resolution": [750, 1334], "rgb": false, "scale_max": 800, "scale_step": 0.005, "__class__": "Template"}, "screen": "array([[[77, 75, 77],\n        [77, 75, 77],\n        [77, 75, 77],\n        ...,\n        [77, 75, 77],\n        [77, 75, 77],\n        [77, 75, 77]],\n\n       [[77, 75, 77],\n        [77, 75, 77],\n        [77, 75, 77],\n        ...,\n        [77, 75, 77],\n        [77, 75, 77],\n        [77, 75, 77]],\n\n       [[77, 75, 77],\n        [77, 75, 77],\n        [77, 75, 77],\n        ...,\n        [77, 75, 77],\n        [77, 75, 77],\n        [77, 75, 77]],\n\n       ...,\n\n       [[77, 75, 77],\n        [77, 75, 77],\n        [77, 75, 77],\n        ...,\n        [77, 75, 77],\n        [77, 75, 77],\n        [77, 75, 77]],\n\n       [[77, 75, 77],\n        [77, 75, 77],\n        [77, 75, 77],\n        ...,\n        [77, 75, 77],\n        [77, 75, 77],\n        [77, 75, 77]],\n\n       [[77, 75, 77],\n        [77, 75, 77],\n        [77, 75, 77],\n        ...,\n        [77, 75, 77],\n        [77, 75, 77],\n        [77, 75, 77]]], dtype=uint8)"}, "start_time": 1709023902.4473708, "ret": null, "end_time": 1709023903.4131885}}
{"tag": "function", "depth": 3, "time": 1709023905.1280355, "data": {"name": "_cv_match", "call_args": {"self": {"filename": "tpl1708924576500.png", "_filepath": "D:\\coding_python_proj\\airtest-runner-single-master\\air\\ios\\test000_install_register.air\\tpl1708924576500.png", "threshold": 0.99, "target_pos": 5, "record_pos": [-0.005, -0.017], "resolution": [750, 1334], "rgb": false, "scale_max": 800, "scale_step": 0.005, "__class__": "Template"}, "screen": "array([[[77, 75, 77],\n        [77, 75, 77],\n        [77, 75, 77],\n        ...,\n        [77, 75, 77],\n        [77, 75, 77],\n        [77, 75, 77]],\n\n       [[77, 75, 77],\n        [77, 75, 77],\n        [77, 75, 77],\n        ...,\n        [77, 75, 77],\n        [77, 75, 77],\n        [77, 75, 77]],\n\n       [[77, 75, 77],\n        [77, 75, 77],\n        [77, 75, 77],\n        ...,\n        [77, 75, 77],\n        [77, 75, 77],\n        [77, 75, 77]],\n\n       ...,\n\n       [[77, 75, 77],\n        [77, 75, 77],\n        [77, 75, 77],\n        ...,\n        [77, 75, 77],\n        [77, 75, 77],\n        [77, 75, 77]],\n\n       [[77, 75, 77],\n        [77, 75, 77],\n        [77, 75, 77],\n        ...,\n        [77, 75, 77],\n        [77, 75, 77],\n        [77, 75, 77]],\n\n       [[77, 75, 77],\n        [77, 75, 77],\n        [77, 75, 77],\n        ...,\n        [77, 75, 77],\n        [77, 75, 77],\n        [77, 75, 77]]], dtype=uint8)"}, "start_time": 1709023904.1683772, "ret": null, "end_time": 1709023905.1280355}}
{"tag": "function", "depth": 3, "time": 1709023906.7814245, "data": {"name": "_cv_match", "call_args": {"self": {"filename": "tpl1708924576500.png", "_filepath": "D:\\coding_python_proj\\airtest-runner-single-master\\air\\ios\\test000_install_register.air\\tpl1708924576500.png", "threshold": 0.99, "target_pos": 5, "record_pos": [-0.005, -0.017], "resolution": [750, 1334], "rgb": false, "scale_max": 800, "scale_step": 0.005, "__class__": "Template"}, "screen": "array([[[77, 75, 77],\n        [77, 75, 77],\n        [77, 75, 77],\n        ...,\n        [77, 75, 77],\n        [77, 75, 77],\n        [77, 75, 77]],\n\n       [[77, 75, 77],\n        [77, 75, 77],\n        [77, 75, 77],\n        ...,\n        [77, 75, 77],\n        [77, 75, 77],\n        [77, 75, 77]],\n\n       [[77, 75, 77],\n        [77, 75, 77],\n        [77, 75, 77],\n        ...,\n        [77, 75, 77],\n        [77, 75, 77],\n        [77, 75, 77]],\n\n       ...,\n\n       [[77, 75, 77],\n        [77, 75, 77],\n        [77, 75, 77],\n        ...,\n        [77, 75, 77],\n        [77, 75, 77],\n        [77, 75, 77]],\n\n       [[77, 75, 77],\n        [77, 75, 77],\n        [77, 75, 77],\n        ...,\n        [77, 75, 77],\n        [77, 75, 77],\n        [77, 75, 77]],\n\n       [[77, 75, 77],\n        [77, 75, 77],\n        [77, 75, 77],\n        ...,\n        [77, 75, 77],\n        [77, 75, 77],\n        [77, 75, 77]]], dtype=uint8)"}, "start_time": 1709023905.799308, "ret": null, "end_time": 1709023906.7814245}}
{"tag": "function", "depth": 3, "time": 1709023906.790367, "data": {"name": "try_log_screen", "call_args": {"screen": "array([[[77, 75, 77],\n        [77, 75, 77],\n        [77, 75, 77],\n        ...,\n        [77, 75, 77],\n        [77, 75, 77],\n        [77, 75, 77]],\n\n       [[77, 75, 77],\n        [77, 75, 77],\n        [77, 75, 77],\n        ...,\n        [77, 75, 77],\n        [77, 75, 77],\n        [77, 75, 77]],\n\n       [[77, 75, 77],\n        [77, 75, 77],\n        [77, 75, 77],\n        ...,\n        [77, 75, 77],\n        [77, 75, 77],\n        [77, 75, 77]],\n\n       ...,\n\n       [[77, 75, 77],\n        [77, 75, 77],\n        [77, 75, 77],\n        ...,\n        [77, 75, 77],\n        [77, 75, 77],\n        [77, 75, 77]],\n\n       [[77, 75, 77],\n        [77, 75, 77],\n        [77, 75, 77],\n        ...,\n        [77, 75, 77],\n        [77, 75, 77],\n        [77, 75, 77]],\n\n       [[77, 75, 77],\n        [77, 75, 77],\n        [77, 75, 77],\n        ...,\n        [77, 75, 77],\n        [77, 75, 77],\n        [77, 75, 77]]], dtype=uint8)", "quality": null, "max_size": null}, "start_time": 1709023906.7824237, "ret": {"screen": "1709023906783.jpg", "resolution": [750, 1334]}, "end_time": 1709023906.790367}}
{"tag": "function", "depth": 2, "time": 1709023906.791365, "data": {"name": "loop_find", "call_args": {"query": {"filename": "tpl1708924576500.png", "_filepath": "D:\\coding_python_proj\\airtest-runner-single-master\\air\\ios\\test000_install_register.air\\tpl1708924576500.png", "threshold": 0.99, "target_pos": 5, "record_pos": [-0.005, -0.017], "resolution": [750, 1334], "rgb": false, "scale_max": 800, "scale_step": 0.005, "__class__": "Template"}, "timeout": 8, "threshold": 0.99, "interval": 0.5, "intervalfunc": null}, "start_time": 1709023897.3984082, "traceback": "Traceback (most recent call last):\n  File \"D:\\coding_python_proj\\airtest-runner-single-master\\.venv\\lib\\site-packages\\airtest\\utils\\logwraper.py\", line 90, in wrapper\n    res = f(*args, **kwargs)\n  File \"D:\\coding_python_proj\\airtest-runner-single-master\\.venv\\lib\\site-packages\\airtest\\core\\cv.py\", line 80, in loop_find\n    raise TargetNotFoundError('Picture %s not found in screen' % query)\nairtest.core.error.TargetNotFoundError: 'Picture Template(D:\\\\coding_python_proj\\\\airtest-runner-single-master\\\\air\\\\ios\\\\test000_install_register.air\\\\tpl1708924576500.png) not found in screen'\n", "end_time": 1709023906.791365}}
{"tag": "function", "depth": 1, "time": 1709023906.7923617, "data": {"name": "assert_exists", "call_args": {"v": {"filename": "tpl1708924576500.png", "_filepath": "D:\\coding_python_proj\\airtest-runner-single-master\\air\\ios\\test000_install_register.air\\tpl1708924576500.png", "threshold": 0.99, "target_pos": 5, "record_pos": [-0.005, -0.017], "resolution": [750, 1334], "rgb": false, "scale_max": 800, "scale_step": 0.005, "__class__": "Template"}, "msg": "\u8bed\u8a00\u9009\u62e9\u9875\u9762\u6821\u9a8c"}, "start_time": 1709023897.3984082, "traceback": "Traceback (most recent call last):\n  File \"D:\\coding_python_proj\\airtest-runner-single-master\\.venv\\lib\\site-packages\\airtest\\core\\api.py\", line 666, in assert_exists\n    pos = loop_find(v, timeout=ST.FIND_TIMEOUT, threshold=ST.THRESHOLD_STRICT or v.threshold)\n  File \"D:\\coding_python_proj\\airtest-runner-single-master\\.venv\\lib\\site-packages\\airtest\\utils\\logwraper.py\", line 90, in wrapper\n    res = f(*args, **kwargs)\n  File \"D:\\coding_python_proj\\airtest-runner-single-master\\.venv\\lib\\site-packages\\airtest\\core\\cv.py\", line 80, in loop_find\n    raise TargetNotFoundError('Picture %s not found in screen' % query)\nairtest.core.error.TargetNotFoundError: 'Picture Template(D:\\\\coding_python_proj\\\\airtest-runner-single-master\\\\air\\\\ios\\\\test000_install_register.air\\\\tpl1708924576500.png) not found in screen'\n\nDuring handling of the above exception, another exception occurred:\n\nTraceback (most recent call last):\n  File \"D:\\coding_python_proj\\airtest-runner-single-master\\.venv\\lib\\site-packages\\airtest\\utils\\logwraper.py\", line 90, in wrapper\n    res = f(*args, **kwargs)\n  File \"D:\\coding_python_proj\\airtest-runner-single-master\\.venv\\lib\\site-packages\\airtest\\core\\api.py\", line 669, in assert_exists\n    raise AssertionError(\"%s does not exist in screen, message: %s\" % (v, msg))\nAssertionError: Template(D:\\coding_python_proj\\airtest-runner-single-master\\air\\ios\\test000_install_register.air\\tpl1708924576500.png) does not exist in screen, message: \u8bed\u8a00\u9009\u62e9\u9875\u9762\u6821\u9a8c\n", "end_time": 1709023906.7923617}}
{"tag": "function", "depth": 2, "time": 1709023906.9171216, "data": {"name": "try_log_screen", "call_args": {"screen": null, "quality": null, "max_size": null}, "start_time": 1709023906.7923617, "ret": {"screen": "1709023906908.jpg", "resolution": [750, 1334]}, "end_time": 1709023906.9171216}}
{"tag": "info", "depth": 1, "time": 1709023906.9181192, "data": {"name": "Final Error", "traceback": "Traceback (most recent call last):\n  File \"D:\\coding_python_proj\\airtest-runner-single-master\\.venv\\lib\\site-packages\\airtest\\core\\api.py\", line 666, in assert_exists\n    pos = loop_find(v, timeout=ST.FIND_TIMEOUT, threshold=ST.THRESHOLD_STRICT or v.threshold)\n  File \"D:\\coding_python_proj\\airtest-runner-single-master\\.venv\\lib\\site-packages\\airtest\\utils\\logwraper.py\", line 90, in wrapper\n    res = f(*args, **kwargs)\n  File \"D:\\coding_python_proj\\airtest-runner-single-master\\.venv\\lib\\site-packages\\airtest\\core\\cv.py\", line 80, in loop_find\n    raise TargetNotFoundError('Picture %s not found in screen' % query)\nairtest.core.error.TargetNotFoundError: 'Picture Template(D:\\\\coding_python_proj\\\\airtest-runner-single-master\\\\air\\\\ios\\\\test000_install_register.air\\\\tpl1708924576500.png) not found in screen'\n\nDuring handling of the above exception, another exception occurred:\n\nTraceback (most recent call last):\n  File \"D:\\coding_python_proj\\airtest-runner-single-master\\.venv\\lib\\site-packages\\airtest\\cli\\runner.py\", line 70, in runTest\n    exec(compile(code.encode(\"utf-8\"), pyfilepath, 'exec'), self.scope)\n  File \"D:\\coding_python_proj\\airtest-runner-single-master\\air\\ios\\test000_install_register.air\\test000_install_register.py\", line 19, in <module>\n    assert_exists(Template(r\"tpl1708924576500.png\", record_pos=(-0.005, -0.017), resolution=(750, 1334)), \"\u8bed\u8a00\u9009\u62e9\u9875\u9762\u6821\u9a8c\")\n  File \"D:\\coding_python_proj\\airtest-runner-single-master\\.venv\\lib\\site-packages\\airtest\\utils\\logwraper.py\", line 90, in wrapper\n    res = f(*args, **kwargs)\n  File \"D:\\coding_python_proj\\airtest-runner-single-master\\.venv\\lib\\site-packages\\airtest\\core\\api.py\", line 669, in assert_exists\n    raise AssertionError(\"%s does not exist in screen, message: %s\" % (v, msg))\nAssertionError: Template(D:\\coding_python_proj\\airtest-runner-single-master\\air\\ios\\test000_install_register.air\\tpl1708924576500.png) does not exist in screen, message: \u8bed\u8a00\u9009\u62e9\u9875\u9762\u6821\u9a8c\n"}}
